This file contains any messages produced by compilers while
running configure, to aid debugging if configure makes a mistake.

It was created by Loris configure 1.8, which was
generated by GNU Autoconf 2.69.  Invocation command line was

  $ ./configure --with-python --with-fftw --no-create --no-recursion

## --------- ##
## Platform. ##
## --------- ##

hostname = quake
uname -m = x86_64
uname -r = 5.13.0-40-generic
uname -s = Linux
uname -v = #45~20.04.1-Ubuntu SMP Mon Apr 4 09:38:31 UTC 2022

/usr/bin/uname -p = x86_64
/bin/uname -X     = unknown

/bin/arch              = x86_64
/usr/bin/arch -k       = unknown
/usr/convex/getsysinfo = unknown
/usr/bin/hostinfo      = unknown
/bin/machine           = unknown
/usr/bin/oslevel       = unknown
/bin/universe          = unknown

PATH: /opt/intel/oneapi/vtune/2022.1.0/bin64
PATH: /opt/intel/oneapi/mpi/2021.5.1//libfabric/bin
PATH: /opt/intel/oneapi/mpi/2021.5.1//bin
PATH: /opt/intel/oneapi/mkl/2022.0.2/bin/intel64
PATH: /opt/intel/oneapi/intelpython/latest/bin
PATH: /opt/intel/oneapi/intelpython/latest/condabin
PATH: /opt/intel/oneapi/dpcpp-ct/2022.0.0/bin
PATH: /opt/intel/oneapi/dev-utilities/2021.5.2/bin
PATH: /opt/intel/oneapi/debugger/2021.5.0/gdb/intel64/bin
PATH: /opt/intel/oneapi/compiler/2022.0.2/linux/lib/oclfpga/bin
PATH: /opt/intel/oneapi/compiler/2022.0.2/linux/bin/intel64
PATH: /opt/intel/oneapi/compiler/2022.0.2/linux/bin
PATH: /opt/intel/oneapi/advisor/2022.0.0/bin64
PATH: /home/quake/bin
PATH: /home/quake/torch/install/bin
PATH: /home/quake/torch/install/bin
PATH: /home/quake/torch/install/bin
PATH: /home/quake/torch/install/bin
PATH: /home/quake/torch/install/bin
PATH: /home/quake/torch/install/bin
PATH: /home/quake/.local/bin
PATH: /home/quake/bin
PATH: /home/quake/bin
PATH: /home/quake/torch/install/bin
PATH: /home/quake/torch/install/bin
PATH: /home/quake/torch/install/bin
PATH: /home/quake/torch/install/bin
PATH: /home/quake/torch/install/bin
PATH: /home/quake/torch/install/bin
PATH: /home/quake/.local/bin
PATH: /home/quake/bin
PATH: /usr/local/sbin
PATH: /usr/local/bin
PATH: /usr/sbin
PATH: /usr/bin
PATH: /sbin
PATH: /bin
PATH: /usr/games
PATH: /usr/local/games
PATH: /snap/bin


## ----------- ##
## Core tests. ##
## ----------- ##

configure:2890: checking for a BSD-compatible install
configure:2958: result: /usr/bin/install -c
configure:2969: checking whether build environment is sane
configure:3019: result: yes
configure:3160: checking for a thread-safe mkdir -p
configure:3199: result: /usr/bin/mkdir -p
configure:3212: checking for gawk
configure:3242: result: no
configure:3212: checking for mawk
configure:3228: found /usr/bin/mawk
configure:3239: result: mawk
configure:3250: checking whether make sets $(MAKE)
configure:3272: result: yes
configure:3358: result: ----- Package Name And Version -----
configure:3361: result: this is Loris 1.8
configure:3377: result: ----- Program Checks -----
configure:3437: checking for g++
configure:3453: found /usr/bin/g++
configure:3464: result: g++
configure:3491: checking for C++ compiler version
configure:3500: g++ --version >&5
g++ (Ubuntu 8.4.0-3ubuntu2) 8.4.0
Copyright (C) 2018 Free Software Foundation, Inc.
This is free software; see the source for copying conditions.  There is NO
warranty; not even for MERCHANTABILITY or FITNESS FOR A PARTICULAR PURPOSE.

configure:3511: $? = 0
configure:3500: g++ -v >&5
Using built-in specs.
COLLECT_GCC=g++
COLLECT_LTO_WRAPPER=/usr/lib/gcc/x86_64-linux-gnu/8/lto-wrapper
OFFLOAD_TARGET_NAMES=nvptx-none
OFFLOAD_TARGET_DEFAULT=1
Target: x86_64-linux-gnu
Configured with: ../src/configure -v --with-pkgversion='Ubuntu 8.4.0-3ubuntu2' --with-bugurl=file:///usr/share/doc/gcc-8/README.Bugs --enable-languages=c,ada,c++,go,brig,d,fortran,objc,obj-c++ --prefix=/usr --with-gcc-major-version-only --program-suffix=-8 --program-prefix=x86_64-linux-gnu- --enable-shared --enable-linker-build-id --libexecdir=/usr/lib --without-included-gettext --enable-threads=posix --libdir=/usr/lib --enable-nls --enable-bootstrap --enable-clocale=gnu --enable-libstdcxx-debug --enable-libstdcxx-time=yes --with-default-libstdcxx-abi=new --enable-gnu-unique-object --disable-vtable-verify --enable-libmpx --enable-plugin --enable-default-pie --with-system-zlib --with-target-system-zlib=auto --enable-objc-gc=auto --enable-multiarch --disable-werror --with-arch-32=i686 --with-abi=m64 --with-multilib-list=m32,m64,mx32 --enable-multilib --with-tune=generic --enable-offload-targets=nvptx-none --without-cuda-driver --enable-checking=release --build=x86_64-linux-gnu --host=x86_64-linux-gnu --target=x86_64-linux-gnu
Thread model: posix
gcc version 8.4.0 (Ubuntu 8.4.0-3ubuntu2) 
configure:3511: $? = 0
configure:3500: g++ -V >&5
g++: error: unrecognized command line option '-V'
g++: fatal error: no input files
compilation terminated.
configure:3511: $? = 1
configure:3500: g++ -qversion >&5
g++: error: unrecognized command line option '-qversion'; did you mean '--version'?
g++: fatal error: no input files
compilation terminated.
configure:3511: $? = 1
configure:3531: checking whether the C++ compiler works
configure:3553: g++    conftest.cpp  >&5
configure:3557: $? = 0
configure:3605: result: yes
configure:3608: checking for C++ compiler default output file name
configure:3610: result: a.out
configure:3616: checking for suffix of executables
configure:3623: g++ -o conftest    conftest.cpp  >&5
configure:3627: $? = 0
configure:3649: result: 
configure:3671: checking whether we are cross compiling
configure:3679: g++ -o conftest    conftest.cpp  >&5
configure:3683: $? = 0
configure:3690: ./conftest
configure:3694: $? = 0
configure:3682: result: no
configure:3687: checking for suffix of object files
configure:3709: g++ -c   conftest.cpp >&5
configure:3713: $? = 0
configure:3734: result: o
configure:3738: checking whether we are using the GNU C++ compiler
configure:3757: g++ -c   conftest.cpp >&5
configure:3757: $? = 0
configure:3766: result: yes
configure:3775: checking whether g++ accepts -g
configure:3795: g++ -c -g  conftest.cpp >&5
configure:3795: $? = 0
configure:3836: result: yes
configure:3870: checking for style of include used by make
configure:3898: result: GNU
configure:3923: checking dependency style of g++
configure:4033: result: gcc3
configure:4124: checking build system type
configure:4138: result: x86_64-unknown-linux-gnu
configure:4158: checking host system type
configure:4171: result: x86_64-unknown-linux-gnu
configure:4239: checking for gcc
configure:4255: found /usr/bin/gcc
configure:4266: result: gcc
configure:4495: checking for C compiler version
configure:4504: gcc --version >&5
gcc (Ubuntu 8.4.0-3ubuntu2) 8.4.0
Copyright (C) 2018 Free Software Foundation, Inc.
This is free software; see the source for copying conditions.  There is NO
warranty; not even for MERCHANTABILITY or FITNESS FOR A PARTICULAR PURPOSE.

configure:4515: $? = 0
configure:4504: gcc -v >&5
Using built-in specs.
COLLECT_GCC=gcc
COLLECT_LTO_WRAPPER=/usr/lib/gcc/x86_64-linux-gnu/8/lto-wrapper
OFFLOAD_TARGET_NAMES=nvptx-none
OFFLOAD_TARGET_DEFAULT=1
Target: x86_64-linux-gnu
Configured with: ../src/configure -v --with-pkgversion='Ubuntu 8.4.0-3ubuntu2' --with-bugurl=file:///usr/share/doc/gcc-8/README.Bugs --enable-languages=c,ada,c++,go,brig,d,fortran,objc,obj-c++ --prefix=/usr --with-gcc-major-version-only --program-suffix=-8 --program-prefix=x86_64-linux-gnu- --enable-shared --enable-linker-build-id --libexecdir=/usr/lib --without-included-gettext --enable-threads=posix --libdir=/usr/lib --enable-nls --enable-bootstrap --enable-clocale=gnu --enable-libstdcxx-debug --enable-libstdcxx-time=yes --with-default-libstdcxx-abi=new --enable-gnu-unique-object --disable-vtable-verify --enable-libmpx --enable-plugin --enable-default-pie --with-system-zlib --with-target-system-zlib=auto --enable-objc-gc=auto --enable-multiarch --disable-werror --with-arch-32=i686 --with-abi=m64 --with-multilib-list=m32,m64,mx32 --enable-multilib --with-tune=generic --enable-offload-targets=nvptx-none --without-cuda-driver --enable-checking=release --build=x86_64-linux-gnu --host=x86_64-linux-gnu --target=x86_64-linux-gnu
Thread model: posix
gcc version 8.4.0 (Ubuntu 8.4.0-3ubuntu2) 
configure:4515: $? = 0
configure:4504: gcc -V >&5
gcc: error: unrecognized command line option '-V'
gcc: fatal error: no input files
compilation terminated.
configure:4515: $? = 1
configure:4504: gcc -qversion >&5
gcc: error: unrecognized command line option '-qversion'; did you mean '--version'?
gcc: fatal error: no input files
compilation terminated.
configure:4515: $? = 1
configure:4519: checking whether we are using the GNU C compiler
configure:4538: gcc -c   conftest.c >&5
configure:4538: $? = 0
configure:4547: result: yes
configure:4556: checking whether gcc accepts -g
configure:4576: gcc -c -g  conftest.c >&5
configure:4576: $? = 0
configure:4617: result: yes
configure:4634: checking for gcc option to accept ISO C89
configure:4697: gcc  -c -g -O2  conftest.c >&5
configure:4697: $? = 0
configure:4710: result: none needed
configure:4732: checking dependency style of gcc
configure:4842: result: gcc3
configure:4857: checking for a sed that does not truncate output
configure:4913: result: /usr/bin/sed
configure:4916: checking for grep that handles long lines and -e
configure:4974: result: /usr/bin/grep
configure:4979: checking for egrep
configure:5041: result: /usr/bin/grep -E
configure:5057: checking for ld used by gcc
configure:5124: result: /usr/bin/ld
configure:5131: checking if the linker (/usr/bin/ld) is GNU ld
configure:5146: result: yes
configure:5151: checking for /usr/bin/ld option to reload object files
configure:5158: result: -r
configure:5176: checking for BSD-compatible nm
configure:5225: result: /usr/bin/nm -B
configure:5229: checking whether ln -s works
configure:5233: result: yes
configure:5240: checking how to recognize dependent libraries
configure:5426: result: pass_all
configure:5515: gcc -c -g -O2  conftest.c >&5
configure:5518: $? = 0
configure:5646: checking how to run the C preprocessor
configure:5677: gcc -E  conftest.c
configure:5677: $? = 0
configure:5691: gcc -E  conftest.c
conftest.c:11:10: fatal error: ac_nonexistent.h: No such file or directory
 #include <ac_nonexistent.h>
          ^~~~~~~~~~~~~~~~~~
compilation terminated.
configure:5691: $? = 1
configure: failed program was:
| /* confdefs.h */
| #define PACKAGE_NAME "Loris"
| #define PACKAGE_TARNAME "loris"
| #define PACKAGE_VERSION "1.8"
| #define PACKAGE_STRING "Loris 1.8"
| #define PACKAGE_BUGREPORT "loris@cerlsoundgroup.org"
| #define PACKAGE_URL ""
| #define PACKAGE "loris"
| #define VERSION "1.8"
| /* end confdefs.h.  */
| #include <ac_nonexistent.h>
configure:5716: result: gcc -E
configure:5736: gcc -E  conftest.c
configure:5736: $? = 0
configure:5750: gcc -E  conftest.c
conftest.c:11:10: fatal error: ac_nonexistent.h: No such file or directory
 #include <ac_nonexistent.h>
          ^~~~~~~~~~~~~~~~~~
compilation terminated.
configure:5750: $? = 1
configure: failed program was:
| /* confdefs.h */
| #define PACKAGE_NAME "Loris"
| #define PACKAGE_TARNAME "loris"
| #define PACKAGE_VERSION "1.8"
| #define PACKAGE_STRING "Loris 1.8"
| #define PACKAGE_BUGREPORT "loris@cerlsoundgroup.org"
| #define PACKAGE_URL ""
| #define PACKAGE "loris"
| #define VERSION "1.8"
| /* end confdefs.h.  */
| #include <ac_nonexistent.h>
configure:5779: checking for ANSI C header files
configure:5799: gcc -c -g -O2  conftest.c >&5
configure:5799: $? = 0
configure:5872: gcc -o conftest -g -O2   conftest.c  >&5
configure:5872: $? = 0
configure:5872: ./conftest
configure:5872: $? = 0
configure:5883: result: yes
configure:5896: checking for sys/types.h
configure:5896: gcc -c -g -O2  conftest.c >&5
configure:5896: $? = 0
configure:5896: result: yes
configure:5896: checking for sys/stat.h
configure:5896: gcc -c -g -O2  conftest.c >&5
configure:5896: $? = 0
configure:5896: result: yes
configure:5896: checking for stdlib.h
configure:5896: gcc -c -g -O2  conftest.c >&5
configure:5896: $? = 0
configure:5896: result: yes
configure:5896: checking for string.h
configure:5896: gcc -c -g -O2  conftest.c >&5
configure:5896: $? = 0
configure:5896: result: yes
configure:5896: checking for memory.h
configure:5896: gcc -c -g -O2  conftest.c >&5
configure:5896: $? = 0
configure:5896: result: yes
configure:5896: checking for strings.h
configure:5896: gcc -c -g -O2  conftest.c >&5
configure:5896: $? = 0
configure:5896: result: yes
configure:5896: checking for inttypes.h
configure:5896: gcc -c -g -O2  conftest.c >&5
configure:5896: $? = 0
configure:5896: result: yes
configure:5896: checking for stdint.h
configure:5896: gcc -c -g -O2  conftest.c >&5
configure:5896: $? = 0
configure:5896: result: yes
configure:5896: checking for unistd.h
configure:5896: gcc -c -g -O2  conftest.c >&5
configure:5896: $? = 0
configure:5896: result: yes
configure:5910: checking dlfcn.h usability
configure:5910: gcc -c -g -O2  conftest.c >&5
configure:5910: $? = 0
configure:5910: result: yes
configure:5910: checking dlfcn.h presence
configure:5910: gcc -E  conftest.c
configure:5910: $? = 0
configure:5910: result: yes
configure:5910: checking for dlfcn.h
configure:5910: result: yes
configure:5930: checking how to run the C++ preprocessor
configure:5957: g++ -E  conftest.cpp
configure:5957: $? = 0
configure:5971: g++ -E  conftest.cpp
conftest.cpp:22:10: fatal error: ac_nonexistent.h: No such file or directory
 #include <ac_nonexistent.h>
          ^~~~~~~~~~~~~~~~~~
compilation terminated.
configure:5971: $? = 1
configure: failed program was:
| /* confdefs.h */
| #define PACKAGE_NAME "Loris"
| #define PACKAGE_TARNAME "loris"
| #define PACKAGE_VERSION "1.8"
| #define PACKAGE_STRING "Loris 1.8"
| #define PACKAGE_BUGREPORT "loris@cerlsoundgroup.org"
| #define PACKAGE_URL ""
| #define PACKAGE "loris"
| #define VERSION "1.8"
| #define STDC_HEADERS 1
| #define HAVE_SYS_TYPES_H 1
| #define HAVE_SYS_STAT_H 1
| #define HAVE_STDLIB_H 1
| #define HAVE_STRING_H 1
| #define HAVE_MEMORY_H 1
| #define HAVE_STRINGS_H 1
| #define HAVE_INTTYPES_H 1
| #define HAVE_STDINT_H 1
| #define HAVE_UNISTD_H 1
| #define HAVE_DLFCN_H 1
| /* end confdefs.h.  */
| #include <ac_nonexistent.h>
configure:5996: result: g++ -E
configure:6016: g++ -E  conftest.cpp
configure:6016: $? = 0
configure:6030: g++ -E  conftest.cpp
conftest.cpp:22:10: fatal error: ac_nonexistent.h: No such file or directory
 #include <ac_nonexistent.h>
          ^~~~~~~~~~~~~~~~~~
compilation terminated.
configure:6030: $? = 1
configure: failed program was:
| /* confdefs.h */
| #define PACKAGE_NAME "Loris"
| #define PACKAGE_TARNAME "loris"
| #define PACKAGE_VERSION "1.8"
| #define PACKAGE_STRING "Loris 1.8"
| #define PACKAGE_BUGREPORT "loris@cerlsoundgroup.org"
| #define PACKAGE_URL ""
| #define PACKAGE "loris"
| #define VERSION "1.8"
| #define STDC_HEADERS 1
| #define HAVE_SYS_TYPES_H 1
| #define HAVE_SYS_STAT_H 1
| #define HAVE_STDLIB_H 1
| #define HAVE_STRING_H 1
| #define HAVE_MEMORY_H 1
| #define HAVE_STRINGS_H 1
| #define HAVE_INTTYPES_H 1
| #define HAVE_STDINT_H 1
| #define HAVE_UNISTD_H 1
| #define HAVE_DLFCN_H 1
| /* end confdefs.h.  */
| #include <ac_nonexistent.h>
configure:6114: checking for g77
configure:6144: result: no
configure:6114: checking for xlf
configure:6144: result: no
configure:6114: checking for f77
configure:6130: found /usr/bin/f77
configure:6141: result: f77
configure:6167: checking for Fortran 77 compiler version
configure:6176: f77 --version >&5
GNU Fortran (Ubuntu 9.4.0-1ubuntu1~20.04.1) 9.4.0
Copyright (C) 2019 Free Software Foundation, Inc.
This is free software; see the source for copying conditions.  There is NO
warranty; not even for MERCHANTABILITY or FITNESS FOR A PARTICULAR PURPOSE.

configure:6187: $? = 0
configure:6176: f77 -v >&5
Using built-in specs.
COLLECT_GCC=f77
COLLECT_LTO_WRAPPER=/usr/lib/gcc/x86_64-linux-gnu/9/lto-wrapper
OFFLOAD_TARGET_NAMES=nvptx-none:hsa
OFFLOAD_TARGET_DEFAULT=1
Target: x86_64-linux-gnu
Configured with: ../src/configure -v --with-pkgversion='Ubuntu 9.4.0-1ubuntu1~20.04.1' --with-bugurl=file:///usr/share/doc/gcc-9/README.Bugs --enable-languages=c,ada,c++,go,brig,d,fortran,objc,obj-c++,gm2 --prefix=/usr --with-gcc-major-version-only --program-suffix=-9 --program-prefix=x86_64-linux-gnu- --enable-shared --enable-linker-build-id --libexecdir=/usr/lib --without-included-gettext --enable-threads=posix --libdir=/usr/lib --enable-nls --enable-clocale=gnu --enable-libstdcxx-debug --enable-libstdcxx-time=yes --with-default-libstdcxx-abi=new --enable-gnu-unique-object --disable-vtable-verify --enable-plugin --enable-default-pie --with-system-zlib --with-target-system-zlib=auto --enable-objc-gc=auto --enable-multiarch --disable-werror --with-arch-32=i686 --with-abi=m64 --with-multilib-list=m32,m64,mx32 --enable-multilib --with-tune=generic --enable-offload-targets=nvptx-none=/build/gcc-9-Av3uEd/gcc-9-9.4.0/debian/tmp-nvptx/usr,hsa --without-cuda-driver --enable-checking=release --build=x86_64-linux-gnu --host=x86_64-linux-gnu --target=x86_64-linux-gnu
Thread model: posix
gcc version 9.4.0 (Ubuntu 9.4.0-1ubuntu1~20.04.1) 
configure:6187: $? = 0
configure:6176: f77 -V >&5
f77: error: unrecognized command line option '-V'
f77: fatal error: no input files
compilation terminated.
configure:6187: $? = 1
configure:6176: f77 -qversion >&5
f77: error: unrecognized command line option '-qversion'; did you mean '--version'?
f77: fatal error: no input files
compilation terminated.
configure:6187: $? = 1
configure:6196: checking whether we are using the GNU Fortran 77 compiler
configure:6209: f77 -c  conftest.F >&5
configure:6209: $? = 0
configure:6218: result: yes
configure:6224: checking whether f77 accepts -g
configure:6235: f77 -c -g conftest.f >&5
configure:6235: $? = 0
configure:6243: result: yes
configure:6276: checking the maximum length of command line arguments
configure:6388: result: 1572864
configure:6400: checking command to parse /usr/bin/nm -B output from gcc object
configure:6505: gcc -c -g -O2  conftest.c >&5
configure:6508: $? = 0
configure:6512: /usr/bin/nm -B conftest.o \| sed -n -e 's/^.*[ 	]\([ABCDGIRSTW][ABCDGIRSTW]*\)[ 	][ 	]*\([_A-Za-z][_A-Za-z0-9]*\)$/\1 \2 \2/p' \> conftest.nm
configure:6515: $? = 0
configure:6567: gcc -o conftest -g -O2   conftest.c conftstm.o >&5
configure:6570: $? = 0
configure:6608: result: ok
configure:6612: checking for objdir
configure:6627: result: .libs
configure:6719: checking for ar
configure:6735: found /usr/bin/ar
configure:6746: result: ar
configure:6811: checking for ranlib
configure:6827: found /usr/bin/ranlib
configure:6838: result: ranlib
configure:6903: checking for strip
configure:6919: found /usr/bin/strip
configure:6930: result: strip
configure:7491: checking if gcc supports -fno-rtti -fno-exceptions
configure:7540: gcc -c -g -O2  -fno-rtti -fno-exceptions conftest.c >&5
cc1: warning: command line option '-fno-rtti' is valid for C++/ObjC++ but not for C
configure:7544: $? = 0
configure:7526: result: no
configure:7516: checking for gcc option to produce PIC
configure:7748: result: -fPIC
configure:7756: checking if gcc PIC flag -fPIC works
configure:7830: gcc -c -g -O2  -fPIC -DPIC conftest.c >&5
configure:7834: $? = 0
configure:7791: result: yes
configure:7790: checking if gcc static flag -static works
configure:7818: result: yes
configure:7828: checking if gcc supports -c -o file.o
configure:7934: gcc -c -g -O2  -o out/conftest2.o conftest.c >&5
configure:7938: $? = 0
configure:7851: result: yes
configure:7877: checking whether the gcc linker (/usr/bin/ld -m elf_x86_64) supports shared libraries
configure:8785: result: yes
configure:8806: checking whether -lc should be explicitly linked in
configure:8811: gcc -c -g -O2  conftest.c >&5
configure:8814: $? = 0
configure:8829: gcc -shared conftest.o  -v -Wl,-soname -Wl,conftest -o conftest 2\>\&1 \| grep  -lc  \>/dev/null 2\>\&1
configure:8832: $? = 0
configure:8844: result: no
configure:8852: checking dynamic linker characteristics
configure:9454: result: GNU/Linux ld.so
configure:9478: checking how to hardcode library paths into programs
configure:9503: result: immediate
configure:9517: checking whether stripping libraries is possible
configure:9522: result: yes
configure:10039: checking if libtool supports shared libraries
configure:10041: result: yes
configure:10044: checking whether to build shared libraries
configure:10065: result: yes
configure:10068: checking whether to build static libraries
configure:10072: result: yes
configure:10166: creating libtool
configure:10755: checking for ld used by g++
configure:10822: result: /usr/bin/ld -m elf_x86_64
configure:10829: checking if the linker (/usr/bin/ld -m elf_x86_64) is GNU ld
configure:10844: result: yes
configure:10895: checking whether the g++ linker (/usr/bin/ld -m elf_x86_64) supports shared libraries
configure:11787: result: yes
configure:11804: g++ -c -g -O2  conftest.cpp >&5
configure:11807: $? = 0
configure:11963: checking for g++ option to produce PIC
configure:12247: result: -fPIC
configure:12255: checking if g++ PIC flag -fPIC works
configure:12382: g++ -c -g -O2  -fPIC -DPIC conftest.cpp >&5
configure:12386: $? = 0
configure:12290: result: yes
configure:12318: checking if g++ static flag -static works
configure:12346: result: yes
configure:12356: checking if g++ supports -c -o file.o
configure:12486: g++ -c -g -O2  -o out/conftest2.o conftest.cpp >&5
configure:12490: $? = 0
configure:12403: result: yes
configure:12429: checking whether the g++ linker (/usr/bin/ld -m elf_x86_64) supports shared libraries
configure:12455: result: yes
configure:12522: checking dynamic linker characteristics
configure:13072: result: GNU/Linux ld.so
configure:13096: checking how to hardcode library paths into programs
configure:13121: result: immediate
configure:13660: checking if libtool supports shared libraries
configure:13662: result: yes
configure:13665: checking whether to build shared libraries
configure:13685: result: yes
configure:13688: checking whether to build static libraries
configure:13692: result: yes
configure:13702: checking for f77 option to produce PIC
configure:13934: result: -fPIC
configure:13942: checking if f77 PIC flag -fPIC works
configure:14069: f77 -c -g -O2 -fPIC conftest.f >&5
configure:14073: $? = 0
configure:13977: result: yes
configure:14005: checking if f77 static flag -static works
configure:14033: result: yes
configure:14043: checking if f77 supports -c -o file.o
configure:14173: f77 -c -g -O2 -o out/conftest2.o conftest.f >&5
configure:14177: $? = 0
configure:14090: result: yes
configure:14116: checking whether the f77 linker (/usr/bin/ld -m elf_x86_64) supports shared libraries
configure:15012: result: yes
configure:15079: checking dynamic linker characteristics
configure:15629: result: GNU/Linux ld.so
configure:15653: checking how to hardcode library paths into programs
configure:15678: result: immediate
configure:19208: checking for doxygen
configure:19226: found /usr/bin/doxygen
configure:19238: result: /usr/bin/doxygen
configure:19259: checking for swig
configure:19277: found /usr/local/bin/swig
configure:19289: result: /usr/local/bin/swig
configure:19335: result: ----- Compiler Feature Checks -----
configure:19349: checking size of bool
configure:19354: g++ -o conftest -g -O2   conftest.cpp  >&5
configure:19354: $? = 0
configure:19354: ./conftest
configure:19354: $? = 0
configure:19368: result: 1
configure:19382: checking size of char
configure:19387: g++ -o conftest -g -O2   conftest.cpp  >&5
configure:19387: $? = 0
configure:19387: ./conftest
configure:19387: $? = 0
configure:19401: result: 1
configure:19411: checking whether char is unsigned
configure:19430: g++ -c -g -O2  conftest.cpp >&5
configure:19430: $? = 0
configure:19437: result: no
configure:19448: checking size of short
configure:19453: g++ -o conftest -g -O2   conftest.cpp  >&5
configure:19453: $? = 0
configure:19453: ./conftest
configure:19453: $? = 0
configure:19467: result: 2
configure:19481: checking size of int
configure:19486: g++ -o conftest -g -O2   conftest.cpp  >&5
configure:19486: $? = 0
configure:19486: ./conftest
configure:19486: $? = 0
configure:19500: result: 4
configure:19514: checking size of long
configure:19519: g++ -o conftest -g -O2   conftest.cpp  >&5
configure:19519: $? = 0
configure:19519: ./conftest
configure:19519: $? = 0
configure:19533: result: 8
configure:19547: checking size of int *
configure:19552: g++ -o conftest -g -O2   conftest.cpp  >&5
configure:19552: $? = 0
configure:19552: ./conftest
configure:19552: $? = 0
configure:19566: result: 8
configure:19580: checking size of size_t
configure:19585: g++ -o conftest -g -O2   conftest.cpp  >&5
configure:19585: $? = 0
configure:19585: ./conftest
configure:19585: $? = 0
configure:19599: result: 8
configure:19614: checking size of float
configure:19619: g++ -o conftest -g -O2   conftest.cpp  >&5
configure:19619: $? = 0
configure:19619: ./conftest
configure:19619: $? = 0
configure:19633: result: 4
configure:19647: checking size of double
configure:19652: g++ -o conftest -g -O2   conftest.cpp  >&5
configure:19652: $? = 0
configure:19652: ./conftest
configure:19652: $? = 0
configure:19666: result: 8
configure:19678: checking for isfinite defined in cmath
configure:19691: g++ -c -g -O2  conftest.cpp >&5
conftest.cpp:31:18: warning: extra tokens at end of #include directive
  #include <cmath>;
                  ^
configure:19691: $? = 0
configure:19693: result: yep
configure:19707: checking whether byte ordering is bigendian
configure:19722: g++ -c -g -O2  conftest.cpp >&5
conftest.cpp:33:9: error: expected unqualified-id before 'not' token
         not a universal capable compiler
         ^~~
configure:19722: $? = 1
configure: failed program was:
| /* confdefs.h */
| #define PACKAGE_NAME "Loris"
| #define PACKAGE_TARNAME "loris"
| #define PACKAGE_VERSION "1.8"
| #define PACKAGE_STRING "Loris 1.8"
| #define PACKAGE_BUGREPORT "loris@cerlsoundgroup.org"
| #define PACKAGE_URL ""
| #define PACKAGE "loris"
| #define VERSION "1.8"
| #define STDC_HEADERS 1
| #define HAVE_SYS_TYPES_H 1
| #define HAVE_SYS_STAT_H 1
| #define HAVE_STDLIB_H 1
| #define HAVE_STRING_H 1
| #define HAVE_MEMORY_H 1
| #define HAVE_STRINGS_H 1
| #define HAVE_INTTYPES_H 1
| #define HAVE_STDINT_H 1
| #define HAVE_UNISTD_H 1
| #define HAVE_DLFCN_H 1
| #define SIZEOF_BOOL 1
| #define SIZEOF_CHAR 1
| #define SIZEOF_SHORT 2
| #define SIZEOF_INT 4
| #define SIZEOF_LONG 8
| #define SIZEOF_INT_P 8
| #define SIZEOF_SIZE_T 8
| #define SIZEOF_FLOAT 4
| #define SIZEOF_DOUBLE 8
| #define HAVE_ISFINITE 1
| /* end confdefs.h.  */
| #ifndef __APPLE_CC__
| 	       not a universal capable compiler
| 	     #endif
| 	     typedef int dummy;
| 
configure:19767: g++ -c -g -O2  conftest.cpp >&5
configure:19767: $? = 0
configure:19785: g++ -c -g -O2  conftest.cpp >&5
conftest.cpp: In function 'int main()':
conftest.cpp:39:8: error: 'big' was not declared in this scope
    not big endian
        ^~~
configure:19785: $? = 1
configure: failed program was:
| /* confdefs.h */
| #define PACKAGE_NAME "Loris"
| #define PACKAGE_TARNAME "loris"
| #define PACKAGE_VERSION "1.8"
| #define PACKAGE_STRING "Loris 1.8"
| #define PACKAGE_BUGREPORT "loris@cerlsoundgroup.org"
| #define PACKAGE_URL ""
| #define PACKAGE "loris"
| #define VERSION "1.8"
| #define STDC_HEADERS 1
| #define HAVE_SYS_TYPES_H 1
| #define HAVE_SYS_STAT_H 1
| #define HAVE_STDLIB_H 1
| #define HAVE_STRING_H 1
| #define HAVE_MEMORY_H 1
| #define HAVE_STRINGS_H 1
| #define HAVE_INTTYPES_H 1
| #define HAVE_STDINT_H 1
| #define HAVE_UNISTD_H 1
| #define HAVE_DLFCN_H 1
| #define SIZEOF_BOOL 1
| #define SIZEOF_CHAR 1
| #define SIZEOF_SHORT 2
| #define SIZEOF_INT 4
| #define SIZEOF_LONG 8
| #define SIZEOF_INT_P 8
| #define SIZEOF_SIZE_T 8
| #define SIZEOF_FLOAT 4
| #define SIZEOF_DOUBLE 8
| #define HAVE_ISFINITE 1
| /* end confdefs.h.  */
| #include <sys/types.h>
| 		#include <sys/param.h>
| 
| int
| main ()
| {
| #if BYTE_ORDER != BIG_ENDIAN
| 		 not big endian
| 		#endif
| 
|   ;
|   return 0;
| }
configure:19913: result: no
configure:19933: checking for M_PI defined in cmath
configure:19946: g++ -c -g -O2  conftest.cpp >&5
conftest.cpp:32:18: warning: extra tokens at end of #include directive
  #include <cmath>;
                  ^
configure:19946: $? = 0
configure:19948: result: yep
configure:19963: checking whether C++ compiler supports template member functions
configure:19977: g++ -c -g -O2  conftest.cpp >&5
configure:19977: $? = 0
configure:19979: result: yes
configure:19998: result: ----- Library Checks -----
configure:20013: checking for library containing sin
configure:20044: gcc -o conftest -g -O2   conftest.c  >&5
conftest.c:40:6: warning: conflicting types for built-in function 'sin' [-Wbuiltin-declaration-mismatch]
 char sin ();
      ^~~
/usr/bin/ld: /tmp/ccwQ9ixj.o: in function `main':
/home/quake/Projects/projects/Loris/loris/conftest.c:44: undefined reference to `sin'
collect2: error: ld returned 1 exit status
configure:20044: $? = 1
configure: failed program was:
| /* confdefs.h */
| #define PACKAGE_NAME "Loris"
| #define PACKAGE_TARNAME "loris"
| #define PACKAGE_VERSION "1.8"
| #define PACKAGE_STRING "Loris 1.8"
| #define PACKAGE_BUGREPORT "loris@cerlsoundgroup.org"
| #define PACKAGE_URL ""
| #define PACKAGE "loris"
| #define VERSION "1.8"
| #define STDC_HEADERS 1
| #define HAVE_SYS_TYPES_H 1
| #define HAVE_SYS_STAT_H 1
| #define HAVE_STDLIB_H 1
| #define HAVE_STRING_H 1
| #define HAVE_MEMORY_H 1
| #define HAVE_STRINGS_H 1
| #define HAVE_INTTYPES_H 1
| #define HAVE_STDINT_H 1
| #define HAVE_UNISTD_H 1
| #define HAVE_DLFCN_H 1
| #define SIZEOF_BOOL 1
| #define SIZEOF_CHAR 1
| #define SIZEOF_SHORT 2
| #define SIZEOF_INT 4
| #define SIZEOF_LONG 8
| #define SIZEOF_INT_P 8
| #define SIZEOF_SIZE_T 8
| #define SIZEOF_FLOAT 4
| #define SIZEOF_DOUBLE 8
| #define HAVE_ISFINITE 1
| #define HAVE_M_PI 1
| /* end confdefs.h.  */
| 
| /* Override any GCC internal prototype to avoid an error.
|    Use char because int might match the return type of a GCC
|    builtin and then its argument prototype would still apply.  */
| #ifdef __cplusplus
| extern "C"
| #endif
| char sin ();
| int
| main ()
| {
| return sin ();
|   ;
|   return 0;
| }
configure:20044: gcc -o conftest -g -O2   conftest.c -lm   >&5
conftest.c:40:6: warning: conflicting types for built-in function 'sin' [-Wbuiltin-declaration-mismatch]
 char sin ();
      ^~~
configure:20044: $? = 0
configure:20061: result: -lm
configure:20070: checking for fftw_execute in -lfftw3
configure:20095: gcc -o conftest -g -O2   conftest.c -lfftw3  -lm  >&5
configure:20095: $? = 0
configure:20104: result: yes
configure:20167: checking fftw3.h usability
configure:20167: gcc -c -g -O2  conftest.c >&5
configure:20167: $? = 0
configure:20167: result: yes
configure:20167: checking fftw3.h presence
configure:20167: gcc -E  conftest.c
configure:20167: $? = 0
configure:20167: result: yes
configure:20167: checking for fftw3.h
configure:20167: result: yes
configure:20199: result: ----- Language Checks -----
configure:20221: checking for python
configure:20239: found /opt/intel/oneapi/intelpython/latest/bin/python
configure:20251: result: /opt/intel/oneapi/intelpython/latest/bin/python
configure:20267: checking whether /opt/intel/oneapi/intelpython/latest/bin/python version >= 1.5
configure:20278: /opt/intel/oneapi/intelpython/latest/bin/python -c import sys # split strings by '.' and convert to numeric. Append some zeros # because we need at least 4 digits for the hex conversion. # map returns an iterator in Python 3.0 and a list in 2.x minver = list(map(int, '1.5'.split('.'))) + [0, 0, 0] minverhex = 0 # xrange is not present in Python 3.0 and range returns an iterator for i in list(range(0, 4)): minverhex = (minverhex << 8) + minver[i] sys.exit(sys.hexversion < minverhex)
configure:20281: $? = 0
configure:20283: result: yes
configure:20374: checking for /opt/intel/oneapi/intelpython/latest/bin/python version
configure:20381: result: 3.9
configure:20393: checking for /opt/intel/oneapi/intelpython/latest/bin/python platform
configure:20400: result: linux
configure:20407: checking for /opt/intel/oneapi/intelpython/latest/bin/python script directory
configure:20436: result: ${prefix}/lib/python3.9/site-packages
configure:20445: checking for /opt/intel/oneapi/intelpython/latest/bin/python extension module directory
configure:20474: result: ${exec_prefix}/lib/python3.9/site-packages
configure:20538: checking for Python.h header file
configure:20542: checking Python.h usability
configure:20542: gcc -c -g -O2 -I/opt/intel/oneapi/intelpython/latest/include/python3.9  conftest.c >&5
configure:20542: $? = 0
configure:20542: result: yes
configure:20542: checking Python.h presence
configure:20542: gcc -E -I/opt/intel/oneapi/intelpython/latest/include/python3.9  conftest.c
configure:20542: $? = 0
configure:20542: result: yes
configure:20542: checking for Python.h
configure:20542: result: yes
configure:20548: checking for PyExc_StopIteration defined in Python.h
configure:20561: gcc -c -g -O2 -I/opt/intel/oneapi/intelpython/latest/include/python3.9  conftest.c >&5
conftest.c:35:21: warning: extra tokens at end of #include directive
  #include <Python.h>;
                     ^
configure:20561: $? = 0
configure:20563: result: yep
configure:20616: checking csdl.h usability
configure:20616: gcc -c -g -O2  conftest.c >&5
conftest.c:68:10: fatal error: csdl.h: No such file or directory
 #include <csdl.h>
          ^~~~~~~~
compilation terminated.
configure:20616: $? = 1
configure: failed program was:
| /* confdefs.h */
| #define PACKAGE_NAME "Loris"
| #define PACKAGE_TARNAME "loris"
| #define PACKAGE_VERSION "1.8"
| #define PACKAGE_STRING "Loris 1.8"
| #define PACKAGE_BUGREPORT "loris@cerlsoundgroup.org"
| #define PACKAGE_URL ""
| #define PACKAGE "loris"
| #define VERSION "1.8"
| #define STDC_HEADERS 1
| #define HAVE_SYS_TYPES_H 1
| #define HAVE_SYS_STAT_H 1
| #define HAVE_STDLIB_H 1
| #define HAVE_STRING_H 1
| #define HAVE_MEMORY_H 1
| #define HAVE_STRINGS_H 1
| #define HAVE_INTTYPES_H 1
| #define HAVE_STDINT_H 1
| #define HAVE_UNISTD_H 1
| #define HAVE_DLFCN_H 1
| #define SIZEOF_BOOL 1
| #define SIZEOF_CHAR 1
| #define SIZEOF_SHORT 2
| #define SIZEOF_INT 4
| #define SIZEOF_LONG 8
| #define SIZEOF_INT_P 8
| #define SIZEOF_SIZE_T 8
| #define SIZEOF_FLOAT 4
| #define SIZEOF_DOUBLE 8
| #define HAVE_ISFINITE 1
| #define HAVE_M_PI 1
| #define HAVE_FFTW3_H 1
| #define HAVE_PYTHON_H 1
| /* end confdefs.h.  */
| #include <stdio.h>
| #ifdef HAVE_SYS_TYPES_H
| # include <sys/types.h>
| #endif
| #ifdef HAVE_SYS_STAT_H
| # include <sys/stat.h>
| #endif
| #ifdef STDC_HEADERS
| # include <stdlib.h>
| # include <stddef.h>
| #else
| # ifdef HAVE_STDLIB_H
| #  include <stdlib.h>
| # endif
| #endif
| #ifdef HAVE_STRING_H
| # if !defined STDC_HEADERS && defined HAVE_MEMORY_H
| #  include <memory.h>
| # endif
| # include <string.h>
| #endif
| #ifdef HAVE_STRINGS_H
| # include <strings.h>
| #endif
| #ifdef HAVE_INTTYPES_H
| # include <inttypes.h>
| #endif
| #ifdef HAVE_STDINT_H
| # include <stdint.h>
| #endif
| #ifdef HAVE_UNISTD_H
| # include <unistd.h>
| #endif
| #include <csdl.h>
configure:20616: result: no
configure:20616: checking csdl.h presence
configure:20616: gcc -E  conftest.c
conftest.c:35:10: fatal error: csdl.h: No such file or directory
 #include <csdl.h>
          ^~~~~~~~
compilation terminated.
configure:20616: $? = 1
configure: failed program was:
| /* confdefs.h */
| #define PACKAGE_NAME "Loris"
| #define PACKAGE_TARNAME "loris"
| #define PACKAGE_VERSION "1.8"
| #define PACKAGE_STRING "Loris 1.8"
| #define PACKAGE_BUGREPORT "loris@cerlsoundgroup.org"
| #define PACKAGE_URL ""
| #define PACKAGE "loris"
| #define VERSION "1.8"
| #define STDC_HEADERS 1
| #define HAVE_SYS_TYPES_H 1
| #define HAVE_SYS_STAT_H 1
| #define HAVE_STDLIB_H 1
| #define HAVE_STRING_H 1
| #define HAVE_MEMORY_H 1
| #define HAVE_STRINGS_H 1
| #define HAVE_INTTYPES_H 1
| #define HAVE_STDINT_H 1
| #define HAVE_UNISTD_H 1
| #define HAVE_DLFCN_H 1
| #define SIZEOF_BOOL 1
| #define SIZEOF_CHAR 1
| #define SIZEOF_SHORT 2
| #define SIZEOF_INT 4
| #define SIZEOF_LONG 8
| #define SIZEOF_INT_P 8
| #define SIZEOF_SIZE_T 8
| #define SIZEOF_FLOAT 4
| #define SIZEOF_DOUBLE 8
| #define HAVE_ISFINITE 1
| #define HAVE_M_PI 1
| #define HAVE_FFTW3_H 1
| #define HAVE_PYTHON_H 1
| /* end confdefs.h.  */
| #include <csdl.h>
configure:20616: result: no
configure:20616: checking for csdl.h
configure:20616: result: no
configure:20623: WARNING: Cannot find Csound5 headers. Csound5 support disabled.
configure:20820: result: ----- Creating Output Files -----
configure:20980: creating ./config.status
configure:22307: result: ----- Configuration Summary -----
configure:22342: result: ----- End Of Configuration -----

## ---------------- ##
## Cache variables. ##
## ---------------- ##

ac_cv_build=x86_64-unknown-linux-gnu
ac_cv_c_bigendian=no
ac_cv_c_char_unsigned=no
ac_cv_c_compiler_gnu=yes
ac_cv_cxx_compiler_gnu=yes
ac_cv_env_CCC_set=
ac_cv_env_CCC_value=
ac_cv_env_CC_set=
ac_cv_env_CC_value=
ac_cv_env_CFLAGS_set=
ac_cv_env_CFLAGS_value=
ac_cv_env_CPPFLAGS_set=
ac_cv_env_CPPFLAGS_value=
ac_cv_env_CPP_set=
ac_cv_env_CPP_value=
ac_cv_env_CSOUND_CONFIG_set=
ac_cv_env_CSOUND_CONFIG_value=
ac_cv_env_CXXCPP_set=
ac_cv_env_CXXCPP_value=
ac_cv_env_CXXFLAGS_set=
ac_cv_env_CXXFLAGS_value=
ac_cv_env_CXX_set=
ac_cv_env_CXX_value=
ac_cv_env_DOXYGEN_set=
ac_cv_env_DOXYGEN_value=
ac_cv_env_F77_set=
ac_cv_env_F77_value=
ac_cv_env_FFLAGS_set=
ac_cv_env_FFLAGS_value=
ac_cv_env_LDFLAGS_set=
ac_cv_env_LDFLAGS_value=
ac_cv_env_LIBS_set=
ac_cv_env_LIBS_value=
ac_cv_env_PYTHON_set=
ac_cv_env_PYTHON_value=
ac_cv_env_SWIG_set=
ac_cv_env_SWIG_value=
ac_cv_env_build_alias_set=
ac_cv_env_build_alias_value=
ac_cv_env_host_alias_set=
ac_cv_env_host_alias_value=
ac_cv_env_target_alias_set=
ac_cv_env_target_alias_value=
ac_cv_f77_compiler_gnu=yes
ac_cv_header_Python_h=yes
ac_cv_header_csdl_h=no
ac_cv_header_dlfcn_h=yes
ac_cv_header_fftw3_h=yes
ac_cv_header_inttypes_h=yes
ac_cv_header_memory_h=yes
ac_cv_header_stdc=yes
ac_cv_header_stdint_h=yes
ac_cv_header_stdlib_h=yes
ac_cv_header_string_h=yes
ac_cv_header_strings_h=yes
ac_cv_header_sys_stat_h=yes
ac_cv_header_sys_types_h=yes
ac_cv_header_unistd_h=yes
ac_cv_host=x86_64-unknown-linux-gnu
ac_cv_lib_fftw3_fftw_execute=yes
ac_cv_objext=o
ac_cv_path_DOXYGEN=/usr/bin/doxygen
ac_cv_path_EGREP='/usr/bin/grep -E'
ac_cv_path_GREP=/usr/bin/grep
ac_cv_path_PYTHON=/opt/intel/oneapi/intelpython/latest/bin/python
ac_cv_path_SWIG=/usr/local/bin/swig
ac_cv_path_install='/usr/bin/install -c'
ac_cv_path_mkdir=/usr/bin/mkdir
ac_cv_prog_AWK=mawk
ac_cv_prog_CPP='gcc -E'
ac_cv_prog_CXXCPP='g++ -E'
ac_cv_prog_ac_ct_AR=ar
ac_cv_prog_ac_ct_CC=gcc
ac_cv_prog_ac_ct_CXX=g++
ac_cv_prog_ac_ct_F77=f77
ac_cv_prog_ac_ct_RANLIB=ranlib
ac_cv_prog_ac_ct_STRIP=strip
ac_cv_prog_cc_c89=
ac_cv_prog_cc_g=yes
ac_cv_prog_cxx_g=yes
ac_cv_prog_f77_g=yes
ac_cv_prog_make_make_set=yes
ac_cv_search_sin=-lm
ac_cv_sizeof_bool=1
ac_cv_sizeof_char=1
ac_cv_sizeof_double=8
ac_cv_sizeof_float=4
ac_cv_sizeof_int=4
ac_cv_sizeof_int_p=8
ac_cv_sizeof_long=8
ac_cv_sizeof_short=2
ac_cv_sizeof_size_t=8
am_cv_CC_dependencies_compiler_type=gcc3
am_cv_CXX_dependencies_compiler_type=gcc3
am_cv_python_platform=linux
am_cv_python_pyexecdir='${exec_prefix}/lib/python3.9/site-packages'
am_cv_python_pythondir='${prefix}/lib/python3.9/site-packages'
am_cv_python_version=3.9
lt_cv_deplibs_check_method=pass_all
lt_cv_file_magic_cmd='$MAGIC_CMD'
lt_cv_file_magic_test_file=
lt_cv_ld_reload_flag=-r
lt_cv_objdir=.libs
lt_cv_path_LD=/usr/bin/ld
lt_cv_path_LDCXX='/usr/bin/ld -m elf_x86_64'
lt_cv_path_NM='/usr/bin/nm -B'
lt_cv_path_SED=/usr/bin/sed
lt_cv_prog_compiler_c_o=yes
lt_cv_prog_compiler_c_o_CXX=yes
lt_cv_prog_compiler_c_o_F77=yes
lt_cv_prog_compiler_pic_works=yes
lt_cv_prog_compiler_pic_works_CXX=yes
lt_cv_prog_compiler_pic_works_F77=yes
lt_cv_prog_compiler_rtti_exceptions=no
lt_cv_prog_compiler_static_works=yes
lt_cv_prog_compiler_static_works_CXX=yes
lt_cv_prog_compiler_static_works_F77=yes
lt_cv_prog_gnu_ld=yes
lt_cv_prog_gnu_ldcxx=yes
lt_cv_sys_global_symbol_pipe='sed -n -e '\''s/^.*[ 	]\([ABCDGIRSTW][ABCDGIRSTW]*\)[ 	][ 	]*\([_A-Za-z][_A-Za-z0-9]*\)$/\1 \2 \2/p'\'''
lt_cv_sys_global_symbol_to_c_name_address='sed -n -e '\''s/^: \([^ ]*\) $/  {\"\1\", (lt_ptr) 0},/p'\'' -e '\''s/^[BCDEGRST] \([^ ]*\) \([^ ]*\)$/  {"\2", (lt_ptr) \&\2},/p'\'''
lt_cv_sys_global_symbol_to_cdecl='sed -n -e '\''s/^. .* \(.*\)$/extern int \1;/p'\'''
lt_cv_sys_lib_dlsearch_path_spec='/lib /usr/lib /usr/local/cuda/targets/x86_64-linux/lib /usr/local/cuda-11/targets/x86_64-linux/lib /usr/local/cuda-10.1/targets/x86_64-linux/lib /usr/local/cuda-10.2/targets/x86_64-linux/lib /usr/lib/x86_64-linux-gnu/libfakeroot /usr/local/cuda-11.5/targets/x86_64-linux/lib /usr/local/lib/i386-linux-gnu /lib/i386-linux-gnu /usr/lib/i386-linux-gnu /usr/local/lib/i686-linux-gnu /lib/i686-linux-gnu /usr/lib/i686-linux-gnu /usr/local/lib /usr/local/lib/x86_64-linux-gnu /lib/x86_64-linux-gnu /usr/lib/x86_64-linux-gnu /lib32 /usr/lib32 '
lt_cv_sys_lib_search_path_spec='/opt/intel/oneapi/mpi/2021.5.1/libfabric/lib /opt/intel/oneapi/mpi/2021.5.1/lib /opt/intel/oneapi/dnnl/2022.0.2/cpu_dpcpp_gpu_dpcpp/lib /opt/intel/oneapi/compiler/2022.0.2/linux/lib /usr/lib/gcc/x86_64-linux-gnu/8 /usr/lib/x86_64-linux-gnu /usr/lib /lib/x86_64-linux-gnu /lib /opt/intel/oneapi/tbb/2021.5.1/lib/intel64/gcc4.8 /opt/intel/oneapi/mpi/2021.5.1/lib/release /opt/intel/oneapi/mkl/2022.0.2/lib/intel64 /opt/intel/oneapi/ipp/2021.5.2/lib/intel64 /opt/intel/oneapi/ippcp/2021.5.1/lib/intel64 /opt/intel/oneapi/dal/2021.5.3/lib/intel64 /opt/intel/oneapi/compiler/2022.0.2/linux/compiler/lib/intel64_lin /opt/intel/oneapi/ccl/2021.5.1/lib/cpu_gpu_dpcpp'
lt_cv_sys_max_cmd_len=1572864
lt_lt_cv_prog_compiler_c_o='"yes"'
lt_lt_cv_prog_compiler_c_o_CXX='"yes"'
lt_lt_cv_prog_compiler_c_o_F77='"yes"'
lt_lt_cv_sys_global_symbol_pipe='"sed -n -e '\''s/^.*[ 	]\\([ABCDGIRSTW][ABCDGIRSTW]*\\)[ 	][ 	]*\\([_A-Za-z][_A-Za-z0-9]*\\)\$/\\1 \\2 \\2/p'\''"'
lt_lt_cv_sys_global_symbol_to_c_name_address='"sed -n -e '\''s/^: \\([^ ]*\\) \$/  {\\\"\\1\\\", (lt_ptr) 0},/p'\'' -e '\''s/^[BCDEGRST] \\([^ ]*\\) \\([^ ]*\\)\$/  {\"\\2\", (lt_ptr) \\&\\2},/p'\''"'
lt_lt_cv_sys_global_symbol_to_cdecl='"sed -n -e '\''s/^. .* \\(.*\\)\$/extern int \\1;/p'\''"'

## ----------------- ##
## Output variables. ##
## ----------------- ##

ACLOCAL='${SHELL} /home/quake/Projects/projects/Loris/loris/config/missing --run aclocal-1.11'
AMDEPBACKSLASH='\'
AMDEP_FALSE='#'
AMDEP_TRUE=''
AMTAR='${SHELL} /home/quake/Projects/projects/Loris/loris/config/missing --run tar'
AR='ar'
AUTOCONF='${SHELL} /home/quake/Projects/projects/Loris/loris/config/missing --run autoconf'
AUTOHEADER='${SHELL} /home/quake/Projects/projects/Loris/loris/config/missing --run autoheader'
AUTOMAKE='${SHELL} /home/quake/Projects/projects/Loris/loris/config/missing --run automake-1.11'
AWK='mawk'
BUILD_PYTHON_FALSE='#'
BUILD_PYTHON_TRUE=''
CC='gcc'
CCDEPMODE='depmode=gcc3'
CFLAGS='-g -O2'
CPP='gcc -E'
CPPFLAGS=''
CSOUND=''
CSOUND_CONFIG=''
CSOUND_CXXFLAGS=''
CSOUND_PREFIX=''
CXX='g++'
CXXCPP='g++ -E'
CXXDEPMODE='depmode=gcc3'
CXXFLAGS='-g -O2'
CYGPATH_W='echo'
DARWIN_FALSE=''
DARWIN_TRUE='#'
DEFS='-DHAVE_CONFIG_H'
DEPDIR='.deps'
DOXYGEN='/usr/bin/doxygen'
DSYMUTIL=''
ECHO='echo'
ECHO_C=''
ECHO_N='-n'
ECHO_T=''
EGREP='/usr/bin/grep -E'
EXEEXT=''
F77='f77'
FFLAGS='-g -O2'
GREP='/usr/bin/grep'
HAVE_CSOUND4_FALSE=''
HAVE_CSOUND4_TRUE='#'
HAVE_CSOUND5_FALSE=''
HAVE_CSOUND5_TRUE='#'
HAVE_CSOUND_FALSE=''
HAVE_CSOUND_TRUE='#'
HAVE_DOXYGEN_FALSE='#'
HAVE_DOXYGEN_TRUE=''
HAVE_SWIG_FALSE='#'
HAVE_SWIG_TRUE=''
INSTALL_DATA='${INSTALL} -m 644'
INSTALL_PROGRAM='${INSTALL}'
INSTALL_SCRIPT='${INSTALL}'
INSTALL_STRIP_PROGRAM='$(install_sh) -c -s'
LDFLAGS=''
LIBOBJS=''
LIBS='-lm '
LIBTOOL='$(SHELL) $(top_builddir)/libtool'
LIBTOOL_DEPS='config/ltmain.sh'
LINK_FFTW='-lfftw3'
LN_S='ln -s'
LORIS_MAJOR_VERSION='1'
LORIS_MINOR_VERSION='8'
LORIS_SUBMINOR_VERSION=''
LORIS_VERSION_STR='Loris 1.8'
LTLIBOBJS=''
MAKEINFO='${SHELL} /home/quake/Projects/projects/Loris/loris/config/missing --run makeinfo'
MKDIR_P='/usr/bin/mkdir -p'
NMEDIT=''
OBJEXT='o'
PACKAGE='loris'
PACKAGE_BUGREPORT='loris@cerlsoundgroup.org'
PACKAGE_NAME='Loris'
PACKAGE_STRING='Loris 1.8'
PACKAGE_TARNAME='loris'
PACKAGE_URL=''
PACKAGE_VERSION='1.8'
PATH_SEPARATOR=':'
PYFLAGS='-I/opt/intel/oneapi/intelpython/latest/include/python3.9'
PYTHON='/opt/intel/oneapi/intelpython/latest/bin/python'
PYTHON_EXEC_PREFIX='${exec_prefix}'
PYTHON_PLATFORM='linux'
PYTHON_PREFIX='${prefix}'
PYTHON_VERSION='3.9'
RANLIB='ranlib'
SED='/usr/bin/sed'
SET_MAKE=''
SHELL='/bin/bash'
STRIP='strip'
SWIG='/usr/local/bin/swig'
VERSION='1.8'
ac_aux_dir='config'
ac_ct_CC='gcc'
ac_ct_CXX='g++'
ac_ct_F77='f77'
am__EXEEXT_FALSE=''
am__EXEEXT_TRUE='#'
am__fastdepCC_FALSE='#'
am__fastdepCC_TRUE=''
am__fastdepCXX_FALSE='#'
am__fastdepCXX_TRUE=''
am__include='include'
am__isrc=''
am__leading_dot='.'
am__quote=''
am__tar='${AMTAR} chof - "$$tardir"'
am__untar='${AMTAR} xf -'
bindir='${exec_prefix}/bin'
build='x86_64-unknown-linux-gnu'
build_alias=''
build_cpu='x86_64'
build_os='linux-gnu'
build_vendor='unknown'
datadir='${datarootdir}'
datarootdir='${prefix}/share'
docdir='${datarootdir}/doc/${PACKAGE_TARNAME}'
dvidir='${docdir}'
exec_prefix='${prefix}'
host='x86_64-unknown-linux-gnu'
host_alias=''
host_cpu='x86_64'
host_os='linux-gnu'
host_vendor='unknown'
htmldir='${docdir}'
includedir='${prefix}/include'
infodir='${datarootdir}/info'
install_sh='${SHELL} /home/quake/Projects/projects/Loris/loris/config/install-sh'
libdir='${exec_prefix}/lib'
libexecdir='${exec_prefix}/libexec'
localedir='${datarootdir}/locale'
localstatedir='${prefix}/var'
mandir='${datarootdir}/man'
mkdir_p='/usr/bin/mkdir -p'
oldincludedir='/usr/include'
pdfdir='${docdir}'
pkgpyexecdir='${pyexecdir}/loris'
pkgpythondir='${pythondir}/loris'
prefix='/usr/local'
program_transform_name='s,x,x,'
psdir='${docdir}'
pyexecdir='${exec_prefix}/lib/python3.9/site-packages'
pythondir='${prefix}/lib/python3.9/site-packages'
runstatedir='${localstatedir}/run'
sbindir='${exec_prefix}/sbin'
sharedstatedir='${prefix}/com'
sysconfdir='${prefix}/etc'
target_alias=''

## ----------- ##
## confdefs.h. ##
## ----------- ##

/* confdefs.h */
#define PACKAGE_NAME "Loris"
#define PACKAGE_TARNAME "loris"
#define PACKAGE_VERSION "1.8"
#define PACKAGE_STRING "Loris 1.8"
#define PACKAGE_BUGREPORT "loris@cerlsoundgroup.org"
#define PACKAGE_URL ""
#define PACKAGE "loris"
#define VERSION "1.8"
#define STDC_HEADERS 1
#define HAVE_SYS_TYPES_H 1
#define HAVE_SYS_STAT_H 1
#define HAVE_STDLIB_H 1
#define HAVE_STRING_H 1
#define HAVE_MEMORY_H 1
#define HAVE_STRINGS_H 1
#define HAVE_INTTYPES_H 1
#define HAVE_STDINT_H 1
#define HAVE_UNISTD_H 1
#define HAVE_DLFCN_H 1
#define SIZEOF_BOOL 1
#define SIZEOF_CHAR 1
#define SIZEOF_SHORT 2
#define SIZEOF_INT 4
#define SIZEOF_LONG 8
#define SIZEOF_INT_P 8
#define SIZEOF_SIZE_T 8
#define SIZEOF_FLOAT 4
#define SIZEOF_DOUBLE 8
#define HAVE_ISFINITE 1
#define HAVE_M_PI 1
#define HAVE_FFTW3_H 1
#define HAVE_PYTHON_H 1

configure: exit 0

## ---------------------- ##
## Running config.status. ##
## ---------------------- ##

This file was extended by Loris config.status 1.8, which was
generated by GNU Autoconf 2.69.  Invocation command line was

  CONFIG_FILES    = 
  CONFIG_HEADERS  = 
  CONFIG_LINKS    = 
  CONFIG_COMMANDS = 
  $ ./config.status 

on quake

config.status:929: creating src/loris.h
config.status:929: creating doc/Doxyfile
config.status:929: creating Makefile
config.status:929: creating doc/Makefile
config.status:929: creating src/Makefile
config.status:929: creating scripting/Makefile
config.status:929: creating csound/Makefile
config.status:929: creating test/Makefile
config.status:929: creating utils/Makefile
config.status:929: creating config.h
config.status:1110: config.h is unchanged
config.status:1158: executing depfiles commands

## ---------------------- ##
## Running config.status. ##
## ---------------------- ##

This file was extended by Loris config.status 1.8, which was
generated by GNU Autoconf 2.69.  Invocation command line was

  CONFIG_FILES    = 
  CONFIG_HEADERS  = 
  CONFIG_LINKS    = 
  CONFIG_COMMANDS = 
  $ ./config.status config.h

on quake

config.status:929: creating config.h
